2014/06/23 11:04:26 [error] [exception.CException] exception 'CException' with message 'CAssetManager.basePath "C:\inetpub\wwwroot\coba\assets" is invalid. Please make sure the directory exists and is writable by the Web server process.' in C:\inetpub\wwwroot\yii\framework\web\CAssetManager.php:138
Stack trace:
#0 C:\inetpub\wwwroot\yii\framework\web\CAssetManager.php(123): CAssetManager->setBasePath('C:\inetpub\wwwr...')
#1 C:\inetpub\wwwroot\yii\framework\web\CAssetManager.php(217): CAssetManager->getBasePath()
#2 C:\inetpub\wwwroot\yii\framework\web\CClientScript.php(510): CAssetManager->publish('C:\inetpub\wwwr...')
#3 C:\inetpub\wwwroot\yii\framework\web\CClientScript.php(547): CClientScript->getCoreScriptUrl()
#4 C:\inetpub\wwwroot\yii\framework\web\CClientScript.php(348): CClientScript->getPackageBaseUrl('jquery')
#5 C:\inetpub\wwwroot\yii\framework\web\CClientScript.php(208): CClientScript->renderCoreScripts()
#6 C:\inetpub\wwwroot\yii\framework\web\CController.php(351): CClientScript->render('<!DOCTYPE html ...')
#7 C:\inetpub\wwwroot\yii\framework\web\CController.php(788): CController->processOutput('<!DOCTYPE html ...')
#8 C:\inetpub\wwwroot\coba\protected\controllers\SiteController.php(98): CController->render('login', Array)
#9 C:\inetpub\wwwroot\yii\framework\web\actions\CInlineAction.php(49): SiteController->actionLogin()
#10 C:\inetpub\wwwroot\yii\framework\web\CController.php(308): CInlineAction->runWithParams(Array)
#11 C:\inetpub\wwwroot\yii\framework\web\CController.php(286): CController->runAction(Object(CInlineAction))
#12 C:\inetpub\wwwroot\yii\framework\web\CController.php(265): CController->runActionWithFilters(Object(CInlineAction), Array)
#13 C:\inetpub\wwwroot\yii\framework\web\CWebApplication.php(282): CController->run('login')
#14 C:\inetpub\wwwroot\yii\framework\web\CWebApplication.php(141): CWebApplication->runController('site/login')
#15 C:\inetpub\wwwroot\yii\framework\base\CApplication.php(180): CWebApplication->processRequest()
#16 C:\inetpub\wwwroot\coba\index.php(13): CApplication->run()
#17 {main}
REQUEST_URI=/coba/index.php?r=site/login
HTTP_REFERER=http://localhost/coba/
---
2014/06/23 12:24:43 [error] [exception.CException] exception 'CException' with message 'Property "Propinsi.alias_nama" is not defined.' in C:\inetpub\wwwroot\yii\framework\base\CComponent.php:173
Stack trace:
#0 C:\inetpub\wwwroot\yii\framework\db\ar\CActiveRecord.php(161): CComponent->__set('alias_nama', 'df')
#1 C:\inetpub\wwwroot\coba\protected\controllers\PropinsiController.php(74): CActiveRecord->__set('alias_nama', 'df')
#2 C:\inetpub\wwwroot\yii\framework\web\actions\CInlineAction.php(49): PropinsiController->actionCreate()
#3 C:\inetpub\wwwroot\yii\framework\web\CController.php(308): CInlineAction->runWithParams(Array)
#4 C:\inetpub\wwwroot\yii\framework\web\filters\CFilterChain.php(133): CController->runAction(Object(CInlineAction))
#5 C:\inetpub\wwwroot\yii\framework\web\filters\CFilter.php(40): CFilterChain->run()
#6 C:\inetpub\wwwroot\yii\framework\web\CController.php(1145): CFilter->filter(Object(CFilterChain))
#7 C:\inetpub\wwwroot\yii\framework\web\filters\CInlineFilter.php(58): CController->filterAccessControl(Object(CFilterChain))
#8 C:\inetpub\wwwroot\yii\framework\web\filters\CFilterChain.php(130): CInlineFilter->filter(Object(CFilterChain))
#9 C:\inetpub\wwwroot\yii\framework\web\CController.php(291): CFilterChain->run()
#10 C:\inetpub\wwwroot\yii\framework\web\CController.php(265): CController->runActionWithFilters(Object(CInlineAction), Array)
#11 C:\inetpub\wwwroot\yii\framework\web\CWebApplication.php(282): CController->run('create')
#12 C:\inetpub\wwwroot\yii\framework\web\CWebApplication.php(141): CWebApplication->runController('propinsi/create')
#13 C:\inetpub\wwwroot\yii\framework\base\CApplication.php(180): CWebApplication->processRequest()
#14 C:\inetpub\wwwroot\coba\index.php(13): CApplication->run()
#15 {main}
REQUEST_URI=/coba/index.php?r=propinsi/create
HTTP_REFERER=http://localhost/coba/index.php?r=propinsi/create
---
2014/06/23 21:04:41 [error] [php] include(Kompetensikeahliarn.php): failed to open stream: No such file or directory (C:\inetpub\wwwroot\yii\framework\YiiBase.php:427)
Stack trace:
#0 C:\inetpub\wwwroot\coba\protected\views\site\inputnilai.php(27): spl_autoload_call()
#1 C:\inetpub\wwwroot\yii\framework\web\CBaseController.php(126): require()
#2 C:\inetpub\wwwroot\yii\framework\web\CBaseController.php(95): SiteController->renderInternal()
#3 C:\inetpub\wwwroot\yii\framework\web\CController.php(869): SiteController->renderFile()
#4 C:\inetpub\wwwroot\yii\framework\web\CController.php(782): SiteController->renderPartial()
#5 C:\inetpub\wwwroot\coba\protected\controllers\SiteController.php(26): SiteController->render()
#6 C:\inetpub\wwwroot\yii\framework\web\actions\CInlineAction.php(49): SiteController->actionInputnilai()
#7 C:\inetpub\wwwroot\yii\framework\web\CController.php(308): CInlineAction->runWithParams()
#8 C:\inetpub\wwwroot\yii\framework\web\CController.php(286): SiteController->runAction()
#9 C:\inetpub\wwwroot\yii\framework\web\CController.php(265): SiteController->runActionWithFilters()
#10 C:\inetpub\wwwroot\yii\framework\web\CWebApplication.php(282): SiteController->run()
#11 C:\inetpub\wwwroot\yii\framework\web\CWebApplication.php(141): CWebApplication->runController()
#12 C:\inetpub\wwwroot\yii\framework\base\CApplication.php(180): CWebApplication->processRequest()
#13 C:\inetpub\wwwroot\coba\index.php(13): CWebApplication->run()
REQUEST_URI=/coba/index.php?r=site/inputnilai
in C:\inetpub\wwwroot\coba\protected\views\site\inputnilai.php (27)
in C:\inetpub\wwwroot\coba\protected\controllers\SiteController.php (26)
in C:\inetpub\wwwroot\coba\index.php (13)
2014/06/23 21:53:47 [error] [exception.CHttpException.404] exception 'CHttpException' with message 'The system is unable to find the requested action "autocomplete".' in C:\inetpub\wwwroot\yii\framework\web\CController.php:483
Stack trace:
#0 C:\inetpub\wwwroot\yii\framework\web\CController.php(270): CController->missingAction('autocomplete')
#1 C:\inetpub\wwwroot\yii\framework\web\CWebApplication.php(282): CController->run('autocomplete')
#2 C:\inetpub\wwwroot\yii\framework\web\CWebApplication.php(141): CWebApplication->runController('site/autocomple...')
#3 C:\inetpub\wwwroot\yii\framework\base\CApplication.php(180): CWebApplication->processRequest()
#4 C:\inetpub\wwwroot\coba\index.php(13): CApplication->run()
#5 {main}
REQUEST_URI=/coba/index.php?r=site/autocomplete&term=ka
HTTP_REFERER=http://localhost/coba/index.php?r=site/inputnilai
---
2014/06/24 09:08:20 [error] [php] Undefined variable: kelas (C:\inetpub\wwwroot\coba\protected\controllers\SiteController.php:48)
Stack trace:
#0 C:\inetpub\wwwroot\yii\framework\web\CController.php(286): SiteController->runAction()
#1 C:\inetpub\wwwroot\yii\framework\web\CController.php(265): SiteController->runActionWithFilters()
#2 C:\inetpub\wwwroot\yii\framework\web\CWebApplication.php(282): SiteController->run()
#3 C:\inetpub\wwwroot\yii\framework\web\CWebApplication.php(141): CWebApplication->runController()
#4 C:\inetpub\wwwroot\yii\framework\base\CApplication.php(180): CWebApplication->processRequest()
#5 C:\inetpub\wwwroot\coba\index.php(13): CWebApplication->run()
REQUEST_URI=/coba/index.php?r=site/inputnilai
in C:\inetpub\wwwroot\coba\protected\controllers\SiteController.php (48)
in C:\inetpub\wwwroot\coba\index.php (13)
2014/06/24 09:09:32 [error] [php] Undefined variable: pelajaran (C:\inetpub\wwwroot\coba\protected\views\site\inputnilai.php:140)
Stack trace:
#0 C:\inetpub\wwwroot\yii\framework\web\CController.php(869): SiteController->renderFile()
#1 C:\inetpub\wwwroot\yii\framework\web\CController.php(782): SiteController->renderPartial()
#2 C:\inetpub\wwwroot\coba\protected\controllers\SiteController.php(54): SiteController->render()
#3 C:\inetpub\wwwroot\yii\framework\web\actions\CInlineAction.php(49): SiteController->actionInputnilai()
#4 C:\inetpub\wwwroot\yii\framework\web\CController.php(308): CInlineAction->runWithParams()
#5 C:\inetpub\wwwroot\yii\framework\web\CController.php(286): SiteController->runAction()
#6 C:\inetpub\wwwroot\yii\framework\web\CController.php(265): SiteController->runActionWithFilters()
#7 C:\inetpub\wwwroot\yii\framework\web\CWebApplication.php(282): SiteController->run()
#8 C:\inetpub\wwwroot\yii\framework\web\CWebApplication.php(141): CWebApplication->runController()
#9 C:\inetpub\wwwroot\yii\framework\base\CApplication.php(180): CWebApplication->processRequest()
#10 C:\inetpub\wwwroot\coba\index.php(13): CWebApplication->run()
REQUEST_URI=/coba/index.php?r=site/inputnilai
in C:\inetpub\wwwroot\coba\protected\views\site\inputnilai.php (140)
in C:\inetpub\wwwroot\coba\protected\controllers\SiteController.php (54)
in C:\inetpub\wwwroot\coba\index.php (13)
2014/06/24 18:25:20 [error] [php] Undefined variable: kelashide (C:\inetpub\wwwroot\coba\protected\views\site\inputnilai.php:167)
Stack trace:
#0 C:\inetpub\wwwroot\yii\framework\web\CController.php(869): SiteController->renderFile()
#1 C:\inetpub\wwwroot\yii\framework\web\CController.php(782): SiteController->renderPartial()
#2 C:\inetpub\wwwroot\coba\protected\controllers\SiteController.php(76): SiteController->render()
#3 C:\inetpub\wwwroot\yii\framework\web\actions\CInlineAction.php(49): SiteController->actionInputnilai()
#4 C:\inetpub\wwwroot\yii\framework\web\CController.php(308): CInlineAction->runWithParams()
#5 C:\inetpub\wwwroot\yii\framework\web\CController.php(286): SiteController->runAction()
#6 C:\inetpub\wwwroot\yii\framework\web\CController.php(265): SiteController->runActionWithFilters()
#7 C:\inetpub\wwwroot\yii\framework\web\CWebApplication.php(282): SiteController->run()
#8 C:\inetpub\wwwroot\yii\framework\web\CWebApplication.php(141): CWebApplication->runController()
#9 C:\inetpub\wwwroot\yii\framework\base\CApplication.php(180): CWebApplication->processRequest()
#10 C:\inetpub\wwwroot\coba\index.php(13): CWebApplication->run()
REQUEST_URI=/coba/index.php?r=site/inputnilai
in C:\inetpub\wwwroot\coba\protected\views\site\inputnilai.php (167)
in C:\inetpub\wwwroot\coba\protected\controllers\SiteController.php (76)
in C:\inetpub\wwwroot\coba\index.php (13)
2014/06/24 18:34:07 [error] [exception.CDbException] exception 'CDbException' with message 'Column name must be either a string or an array.' in C:\inetpub\wwwroot\yii\framework\db\schema\CDbCommandBuilder.php:828
Stack trace:
#0 C:\inetpub\wwwroot\yii\framework\db\schema\CDbCommandBuilder.php(621): CDbCommandBuilder->createInCondition(Object(CMysqlTableSchema), NULL, Array, NULL)
#1 C:\inetpub\wwwroot\yii\framework\db\ar\CActiveRecord.php(1746): CDbCommandBuilder->createPkCriteria(Object(CMysqlTableSchema), NULL, '', Array)
#2 C:\inetpub\wwwroot\yii\framework\db\ar\CActiveRecord.php(1124): CActiveRecord->updateByPk(NULL, Array)
#3 C:\inetpub\wwwroot\yii\framework\db\ar\CActiveRecord.php(806): CActiveRecord->update(NULL)
#4 C:\inetpub\wwwroot\coba\protected\controllers\SiteController.php(67): CActiveRecord->save()
#5 C:\inetpub\wwwroot\yii\framework\web\actions\CInlineAction.php(49): SiteController->actionInputnilai()
#6 C:\inetpub\wwwroot\yii\framework\web\CController.php(308): CInlineAction->runWithParams(Array)
#7 C:\inetpub\wwwroot\yii\framework\web\CController.php(286): CController->runAction(Object(CInlineAction))
#8 C:\inetpub\wwwroot\yii\framework\web\CController.php(265): CController->runActionWithFilters(Object(CInlineAction), Array)
#9 C:\inetpub\wwwroot\yii\framework\web\CWebApplication.php(282): CController->run('inputnilai')
#10 C:\inetpub\wwwroot\yii\framework\web\CWebApplication.php(141): CWebApplication->runController('site/inputnilai')
#11 C:\inetpub\wwwroot\yii\framework\base\CApplication.php(180): CWebApplication->processRequest()
#12 C:\inetpub\wwwroot\coba\index.php(13): CApplication->run()
#13 {main}
REQUEST_URI=/coba/index.php?r=site/inputnilai
HTTP_REFERER=http://localhost/coba/index.php?r=site/inputnilai
---
2014/06/24 19:38:20 [error] [php] Undefined variable: kelas_skrg (C:\inetpub\wwwroot\coba\protected\views\site\siswa.php:48)
Stack trace:
#0 C:\inetpub\wwwroot\yii\framework\web\CController.php(869): SiteController->renderFile()
#1 C:\inetpub\wwwroot\yii\framework\web\CController.php(782): SiteController->renderPartial()
#2 C:\inetpub\wwwroot\coba\protected\controllers\SiteController.php(35): SiteController->render()
#3 C:\inetpub\wwwroot\yii\framework\web\actions\CInlineAction.php(49): SiteController->actionSiswa()
#4 C:\inetpub\wwwroot\yii\framework\web\CController.php(308): CInlineAction->runWithParams()
#5 C:\inetpub\wwwroot\yii\framework\web\CController.php(286): SiteController->runAction()
#6 C:\inetpub\wwwroot\yii\framework\web\CController.php(265): SiteController->runActionWithFilters()
#7 C:\inetpub\wwwroot\yii\framework\web\CWebApplication.php(282): SiteController->run()
#8 C:\inetpub\wwwroot\yii\framework\web\CWebApplication.php(141): CWebApplication->runController()
#9 C:\inetpub\wwwroot\yii\framework\base\CApplication.php(180): CWebApplication->processRequest()
#10 C:\inetpub\wwwroot\coba\index.php(13): CWebApplication->run()
REQUEST_URI=/coba/index.php?r=site/siswa
in C:\inetpub\wwwroot\coba\protected\views\site\siswa.php (48)
in C:\inetpub\wwwroot\coba\protected\controllers\SiteController.php (35)
in C:\inetpub\wwwroot\coba\index.php (13)
2014/06/24 23:14:15 [error] [php] Undefined index: nampelajaran (C:\inetpub\wwwroot\coba\protected\models\Kelas.php:161)
Stack trace:
#0 C:\inetpub\wwwroot\yii\framework\web\CBaseController.php(95): SiteController->renderInternal()
#1 C:\inetpub\wwwroot\yii\framework\web\CController.php(869): SiteController->renderFile()
#2 C:\inetpub\wwwroot\yii\framework\web\CController.php(782): SiteController->renderPartial()
#3 C:\inetpub\wwwroot\coba\protected\controllers\SiteController.php(130): SiteController->render()
#4 C:\inetpub\wwwroot\yii\framework\web\actions\CInlineAction.php(49): SiteController->actionInputnilai()
#5 C:\inetpub\wwwroot\yii\framework\web\CController.php(308): CInlineAction->runWithParams()
#6 C:\inetpub\wwwroot\yii\framework\web\CController.php(286): SiteController->runAction()
#7 C:\inetpub\wwwroot\yii\framework\web\CController.php(265): SiteController->runActionWithFilters()
#8 C:\inetpub\wwwroot\yii\framework\web\CWebApplication.php(282): SiteController->run()
#9 C:\inetpub\wwwroot\yii\framework\web\CWebApplication.php(141): CWebApplication->runController()
#10 C:\inetpub\wwwroot\yii\framework\base\CApplication.php(180): CWebApplication->processRequest()
#11 C:\inetpub\wwwroot\coba\index.php(13): CWebApplication->run()
REQUEST_URI=/coba/index.php?r=site/inputnilai
in C:\inetpub\wwwroot\coba\protected\models\Kelas.php (161)
in C:\inetpub\wwwroot\coba\protected\views\site\inputnilai.php (118)
in C:\inetpub\wwwroot\coba\protected\controllers\SiteController.php (130)
2014/06/26 17:01:09 [error] [exception.CHttpException.404] exception 'CHttpException' with message 'The system is unable to find the requested action "setpelajaran2".' in C:\inetpub\wwwroot\yii\framework\web\CController.php:483
Stack trace:
#0 C:\inetpub\wwwroot\yii\framework\web\CController.php(270): CController->missingAction('setpelajaran2')
#1 C:\inetpub\wwwroot\yii\framework\web\CWebApplication.php(282): CController->run('setpelajaran2')
#2 C:\inetpub\wwwroot\yii\framework\web\CWebApplication.php(141): CWebApplication->runController('site/setpelajar...')
#3 C:\inetpub\wwwroot\yii\framework\base\CApplication.php(180): CWebApplication->processRequest()
#4 C:\inetpub\wwwroot\coba\index.php(13): CApplication->run()
#5 {main}
REQUEST_URI=/coba/index.php?r=site/setpelajaran2
HTTP_REFERER=http://localhost/coba/index.php?r=site/inputnilai
---
2014/06/26 17:01:40 [error] [exception.CHttpException.404] exception 'CHttpException' with message 'The system is unable to find the requested action "setpelajaran2".' in C:\inetpub\wwwroot\yii\framework\web\CController.php:483
Stack trace:
#0 C:\inetpub\wwwroot\yii\framework\web\CController.php(270): CController->missingAction('setpelajaran2')
#1 C:\inetpub\wwwroot\yii\framework\web\CWebApplication.php(282): CController->run('setpelajaran2')
#2 C:\inetpub\wwwroot\yii\framework\web\CWebApplication.php(141): CWebApplication->runController('site/setpelajar...')
#3 C:\inetpub\wwwroot\yii\framework\base\CApplication.php(180): CWebApplication->processRequest()
#4 C:\inetpub\wwwroot\coba\index.php(13): CApplication->run()
#5 {main}
REQUEST_URI=/coba/index.php?r=site/setpelajaran2
HTTP_REFERER=http://localhost/coba/index.php?r=site/inputnilai
---
2014/09/03 14:57:49 [error] [exception.CException] exception 'CException' with message 'CWebUser and its behaviors do not have a method or closure named "refresh".' in C:\inetpub\wwwroot\yii\framework\base\CComponent.php:266
Stack trace:
#0 C:\inetpub\wwwroot\coba\protected\views\site\index.php(25): CComponent->__call('refresh', Array)
#1 C:\inetpub\wwwroot\coba\protected\views\site\index.php(25): CWebUser->refresh()
#2 C:\inetpub\wwwroot\yii\framework\web\CBaseController.php(126): require('C:\inetpub\wwwr...')
#3 C:\inetpub\wwwroot\yii\framework\web\CBaseController.php(95): CBaseController->renderInternal('C:\inetpub\wwwr...', NULL, true)
#4 C:\inetpub\wwwroot\yii\framework\web\CController.php(869): CBaseController->renderFile('C:\inetpub\wwwr...', NULL, true)
#5 C:\inetpub\wwwroot\yii\framework\web\CController.php(782): CController->renderPartial('index', NULL, true)
#6 C:\inetpub\wwwroot\coba\protected\controllers\SiteController.php(212): CController->render('index')
#7 C:\inetpub\wwwroot\yii\framework\web\actions\CInlineAction.php(49): SiteController->actionIndex()
#8 C:\inetpub\wwwroot\yii\framework\web\CController.php(308): CInlineAction->runWithParams(Array)
#9 C:\inetpub\wwwroot\yii\framework\web\CController.php(286): CController->runAction(Object(CInlineAction))
#10 C:\inetpub\wwwroot\yii\framework\web\CController.php(265): CController->runActionWithFilters(Object(CInlineAction), Array)
#11 C:\inetpub\wwwroot\yii\framework\web\CWebApplication.php(282): CController->run('')
#12 C:\inetpub\wwwroot\yii\framework\web\CWebApplication.php(141): CWebApplication->runController('')
#13 C:\inetpub\wwwroot\yii\framework\base\CApplication.php(180): CWebApplication->processRequest()
#14 C:\inetpub\wwwroot\coba\index.php(13): CApplication->run()
#15 {main}
REQUEST_URI=/coba/
---
2014/09/03 14:58:31 [error] [system.db.CDbCommand] CDbCommand::() failed: SQLSTATE[42S02]: Base table or view not found: 1146 Table 'smk.pcounter_save' doesn't exist. The SQL statement executed was: SELECT save_name, save_value FROM pcounter_save.
in C:\inetpub\wwwroot\coba\protected\extensions\UserCounter.php (94)
in C:\inetpub\wwwroot\coba\protected\views\site\index.php (25)
in C:\inetpub\wwwroot\coba\protected\controllers\SiteController.php (212)
2014/09/03 14:58:31 [error] [exception.CDbException] exception 'CDbException' with message 'CDbCommand failed to execute the SQL statement: SQLSTATE[42S02]: Base table or view not found: 1146 Table 'smk.pcounter_save' doesn't exist. The SQL statement executed was: SELECT save_name, save_value FROM pcounter_save' in C:\inetpub\wwwroot\yii\framework\db\CDbCommand.php:543
Stack trace:
#0 C:\inetpub\wwwroot\yii\framework\db\CDbCommand.php(377): CDbCommand->queryInternal('', 0, Array)
#1 C:\inetpub\wwwroot\coba\protected\extensions\UserCounter.php(94): CDbCommand->query()
#2 C:\inetpub\wwwroot\coba\protected\views\site\index.php(25): UserCounter->refresh()
#3 C:\inetpub\wwwroot\yii\framework\web\CBaseController.php(126): require('C:\inetpub\wwwr...')
#4 C:\inetpub\wwwroot\yii\framework\web\CBaseController.php(95): CBaseController->renderInternal('C:\inetpub\wwwr...', NULL, true)
#5 C:\inetpub\wwwroot\yii\framework\web\CController.php(869): CBaseController->renderFile('C:\inetpub\wwwr...', NULL, true)
#6 C:\inetpub\wwwroot\yii\framework\web\CController.php(782): CController->renderPartial('index', NULL, true)
#7 C:\inetpub\wwwroot\coba\protected\controllers\SiteController.php(212): CController->render('index')
#8 C:\inetpub\wwwroot\yii\framework\web\actions\CInlineAction.php(49): SiteController->actionIndex()
#9 C:\inetpub\wwwroot\yii\framework\web\CController.php(308): CInlineAction->runWithParams(Array)
#10 C:\inetpub\wwwroot\yii\framework\web\CController.php(286): CController->runAction(Object(CInlineAction))
#11 C:\inetpub\wwwroot\yii\framework\web\CController.php(265): CController->runActionWithFilters(Object(CInlineAction), Array)
#12 C:\inetpub\wwwroot\yii\framework\web\CWebApplication.php(282): CController->run('')
#13 C:\inetpub\wwwroot\yii\framework\web\CWebApplication.php(141): CWebApplication->runController('')
#14 C:\inetpub\wwwroot\yii\framework\base\CApplication.php(180): CWebApplication->processRequest()
#15 C:\inetpub\wwwroot\coba\index.php(13): CApplication->run()
#16 {main}
REQUEST_URI=/coba/
---
2014/09/03 15:14:52 [error] [php] Undefined index: day_time (C:\inetpub\wwwroot\coba\protected\extensions\UserCounter.php:105)
Stack trace:
#0 C:\inetpub\wwwroot\yii\framework\web\CBaseController.php(95): SiteController->renderInternal()
#1 C:\inetpub\wwwroot\yii\framework\web\CController.php(869): SiteController->renderFile()
#2 C:\inetpub\wwwroot\yii\framework\web\CController.php(782): SiteController->renderPartial()
#3 C:\inetpub\wwwroot\coba\protected\controllers\SiteController.php(212): SiteController->render()
#4 C:\inetpub\wwwroot\yii\framework\web\actions\CInlineAction.php(49): SiteController->actionIndex()
#5 C:\inetpub\wwwroot\yii\framework\web\CController.php(308): CInlineAction->runWithParams()
#6 C:\inetpub\wwwroot\yii\framework\web\CController.php(286): SiteController->runAction()
#7 C:\inetpub\wwwroot\yii\framework\web\CController.php(265): SiteController->runActionWithFilters()
#8 C:\inetpub\wwwroot\yii\framework\web\CWebApplication.php(282): SiteController->run()
#9 C:\inetpub\wwwroot\yii\framework\web\CWebApplication.php(141): CWebApplication->runController()
#10 C:\inetpub\wwwroot\yii\framework\base\CApplication.php(180): CWebApplication->processRequest()
#11 C:\inetpub\wwwroot\coba\index.php(13): CWebApplication->run()
REQUEST_URI=/coba/
in C:\inetpub\wwwroot\coba\protected\extensions\UserCounter.php (105)
in C:\inetpub\wwwroot\coba\protected\views\site\index.php (25)
in C:\inetpub\wwwroot\coba\protected\controllers\SiteController.php (212)
2015/11/02 16:08:27 [error] [exception.CException] exception 'CException' with message 'Property "CWebApplication.counter" is not defined.' in C:\inetpub\wwwroot\yii\framework\base\CComponent.php:130
Stack trace:
#0 C:\inetpub\wwwroot\yii\framework\base\CModule.php(105): CComponent->__get('counter')
#1 C:\inetpub\wwwroot\arsip\protected\views\site\index.php(26): CModule->__get('counter')
#2 C:\inetpub\wwwroot\yii\framework\web\CBaseController.php(126): require('C:\\inetpub\\wwwr...')
#3 C:\inetpub\wwwroot\yii\framework\web\CBaseController.php(95): CBaseController->renderInternal('C:\\inetpub\\wwwr...', NULL, true)
#4 C:\inetpub\wwwroot\yii\framework\web\CController.php(869): CBaseController->renderFile('C:\\inetpub\\wwwr...', NULL, true)
#5 C:\inetpub\wwwroot\yii\framework\web\CController.php(782): CController->renderPartial('index', NULL, true)
#6 C:\inetpub\wwwroot\arsip\protected\controllers\SiteController.php(211): CController->render('index')
#7 C:\inetpub\wwwroot\yii\framework\web\actions\CInlineAction.php(49): SiteController->actionIndex()
#8 C:\inetpub\wwwroot\yii\framework\web\CController.php(308): CInlineAction->runWithParams(Array)
#9 C:\inetpub\wwwroot\yii\framework\web\CController.php(286): CController->runAction(Object(CInlineAction))
#10 C:\inetpub\wwwroot\yii\framework\web\CController.php(265): CController->runActionWithFilters(Object(CInlineAction), Array)
#11 C:\inetpub\wwwroot\yii\framework\web\CWebApplication.php(282): CController->run('')
#12 C:\inetpub\wwwroot\yii\framework\web\CWebApplication.php(141): CWebApplication->runController('')
#13 C:\inetpub\wwwroot\yii\framework\base\CApplication.php(180): CWebApplication->processRequest()
#14 C:\inetpub\wwwroot\arsip\index.php(13): CApplication->run()
#15 {main}
REQUEST_URI=/arsip/
---
2015/11/02 16:08:31 [error] [exception.CException] exception 'CException' with message 'Property "CWebApplication.counter" is not defined.' in C:\inetpub\wwwroot\yii\framework\base\CComponent.php:130
Stack trace:
#0 C:\inetpub\wwwroot\yii\framework\base\CModule.php(105): CComponent->__get('counter')
#1 C:\inetpub\wwwroot\arsip\protected\views\site\index.php(26): CModule->__get('counter')
#2 C:\inetpub\wwwroot\yii\framework\web\CBaseController.php(126): require('C:\\inetpub\\wwwr...')
#3 C:\inetpub\wwwroot\yii\framework\web\CBaseController.php(95): CBaseController->renderInternal('C:\\inetpub\\wwwr...', NULL, true)
#4 C:\inetpub\wwwroot\yii\framework\web\CController.php(869): CBaseController->renderFile('C:\\inetpub\\wwwr...', NULL, true)
#5 C:\inetpub\wwwroot\yii\framework\web\CController.php(782): CController->renderPartial('index', NULL, true)
#6 C:\inetpub\wwwroot\arsip\protected\controllers\SiteController.php(211): CController->render('index')
#7 C:\inetpub\wwwroot\yii\framework\web\actions\CInlineAction.php(49): SiteController->actionIndex()
#8 C:\inetpub\wwwroot\yii\framework\web\CController.php(308): CInlineAction->runWithParams(Array)
#9 C:\inetpub\wwwroot\yii\framework\web\CController.php(286): CController->runAction(Object(CInlineAction))
#10 C:\inetpub\wwwroot\yii\framework\web\CController.php(265): CController->runActionWithFilters(Object(CInlineAction), Array)
#11 C:\inetpub\wwwroot\yii\framework\web\CWebApplication.php(282): CController->run('')
#12 C:\inetpub\wwwroot\yii\framework\web\CWebApplication.php(141): CWebApplication->runController('')
#13 C:\inetpub\wwwroot\yii\framework\base\CApplication.php(180): CWebApplication->processRequest()
#14 C:\inetpub\wwwroot\arsip\index.php(13): CApplication->run()
#15 {main}
REQUEST_URI=/arsip/
---
2015/11/02 16:09:37 [error] [php] include(Siswa.php): failed to open stream: No such file or directory (C:\inetpub\wwwroot\yii\framework\YiiBase.php:427)
Stack trace:
#0 C:\inetpub\wwwroot\arsip\protected\controllers\SiteController.php(40): spl_autoload_call()
#1 C:\inetpub\wwwroot\yii\framework\web\actions\CInlineAction.php(49): SiteController->actionInputnilai()
#2 C:\inetpub\wwwroot\yii\framework\web\CController.php(308): CInlineAction->runWithParams()
#3 C:\inetpub\wwwroot\yii\framework\web\CController.php(286): SiteController->runAction()
#4 C:\inetpub\wwwroot\yii\framework\web\CController.php(265): SiteController->runActionWithFilters()
#5 C:\inetpub\wwwroot\yii\framework\web\CWebApplication.php(282): SiteController->run()
#6 C:\inetpub\wwwroot\yii\framework\web\CWebApplication.php(141): CWebApplication->runController()
#7 C:\inetpub\wwwroot\yii\framework\base\CApplication.php(180): CWebApplication->processRequest()
#8 C:\inetpub\wwwroot\arsip\index.php(13): CWebApplication->run()
REQUEST_URI=/arsip/index.php?r=site/inputnilai
in C:\inetpub\wwwroot\arsip\protected\controllers\SiteController.php (40)
in C:\inetpub\wwwroot\arsip\index.php (13)
2015/11/02 16:45:42 [error] [php] include(Pemakai.php): failed to open stream: No such file or directory (C:\inetpub\wwwroot\yii\framework\YiiBase.php:427)
Stack trace:
#0 C:\inetpub\wwwroot\arsip\protected\components\UserIdentity.php(26): spl_autoload_call()
#1 C:\inetpub\wwwroot\arsip\protected\models\LoginForm.php(52): UserIdentity->authenticate()
#2 C:\inetpub\wwwroot\yii\framework\validators\CInlineValidator.php(42): LoginForm->authenticate()
#3 C:\inetpub\wwwroot\yii\framework\validators\CValidator.php(213): CInlineValidator->validateAttribute()
#4 C:\inetpub\wwwroot\yii\framework\base\CModel.php(159): CInlineValidator->validate()
#5 C:\inetpub\wwwroot\arsip\protected\controllers\SiteController.php(273): LoginForm->validate()
#6 C:\inetpub\wwwroot\yii\framework\web\actions\CInlineAction.php(49): SiteController->actionLogin()
#7 C:\inetpub\wwwroot\yii\framework\web\CController.php(308): CInlineAction->runWithParams()
#8 C:\inetpub\wwwroot\yii\framework\web\CController.php(286): SiteController->runAction()
#9 C:\inetpub\wwwroot\yii\framework\web\CController.php(265): SiteController->runActionWithFilters()
#10 C:\inetpub\wwwroot\yii\framework\web\CWebApplication.php(282): SiteController->run()
#11 C:\inetpub\wwwroot\yii\framework\web\CWebApplication.php(141): CWebApplication->runController()
#12 C:\inetpub\wwwroot\yii\framework\base\CApplication.php(180): CWebApplication->processRequest()
#13 C:\inetpub\wwwroot\arsip\index.php(13): CWebApplication->run()
REQUEST_URI=/arsip/index.php?r=site/login
in C:\inetpub\wwwroot\arsip\protected\components\UserIdentity.php (26)
in C:\inetpub\wwwroot\arsip\protected\models\LoginForm.php (52)
in C:\inetpub\wwwroot\arsip\protected\controllers\SiteController.php (273)
2015/11/02 16:51:38 [error] [php] include(User.php): failed to open stream: No such file or directory (C:\inetpub\wwwroot\yii\framework\YiiBase.php:427)
Stack trace:
#0 C:\inetpub\wwwroot\arsip\protected\components\UserIdentity.php(20): spl_autoload_call()
#1 C:\inetpub\wwwroot\arsip\protected\models\LoginForm.php(52): UserIdentity->authenticate()
#2 C:\inetpub\wwwroot\yii\framework\validators\CInlineValidator.php(42): LoginForm->authenticate()
#3 C:\inetpub\wwwroot\yii\framework\validators\CValidator.php(213): CInlineValidator->validateAttribute()
#4 C:\inetpub\wwwroot\yii\framework\base\CModel.php(159): CInlineValidator->validate()
#5 C:\inetpub\wwwroot\arsip\protected\controllers\SiteController.php(273): LoginForm->validate()
#6 C:\inetpub\wwwroot\yii\framework\web\actions\CInlineAction.php(49): SiteController->actionLogin()
#7 C:\inetpub\wwwroot\yii\framework\web\CController.php(308): CInlineAction->runWithParams()
#8 C:\inetpub\wwwroot\yii\framework\web\CController.php(286): SiteController->runAction()
#9 C:\inetpub\wwwroot\yii\framework\web\CController.php(265): SiteController->runActionWithFilters()
#10 C:\inetpub\wwwroot\yii\framework\web\CWebApplication.php(282): SiteController->run()
#11 C:\inetpub\wwwroot\yii\framework\web\CWebApplication.php(141): CWebApplication->runController()
#12 C:\inetpub\wwwroot\yii\framework\base\CApplication.php(180): CWebApplication->processRequest()
#13 C:\inetpub\wwwroot\arsip\index.php(13): CWebApplication->run()
REQUEST_URI=/arsip/index.php?r=site/login
in C:\inetpub\wwwroot\arsip\protected\components\UserIdentity.php (20)
in C:\inetpub\wwwroot\arsip\protected\models\LoginForm.php (52)
in C:\inetpub\wwwroot\arsip\protected\controllers\SiteController.php (273)
2015/11/02 20:17:43 [warning] [application] Failed to set unsafe attribute "upload_file" of "DataSk".
in C:\inetpub\wwwroot\arsip\protected\controllers\SkController.php (72)
in C:\inetpub\wwwroot\arsip\index.php (13)
2015/11/02 20:19:21 [warning] [application] Failed to set unsafe attribute "upload_file" of "DataSk".
in C:\inetpub\wwwroot\arsip\protected\controllers\SkController.php (72)
in C:\inetpub\wwwroot\arsip\index.php (13)
2015/11/02 20:22:00 [warning] [application] Failed to set unsafe attribute "upload_file" of "DataSk".
in C:\inetpub\wwwroot\arsip\protected\controllers\SkController.php (72)
in C:\inetpub\wwwroot\arsip\index.php (13)
2015/11/02 20:23:33 [warning] [application] Failed to set unsafe attribute "upload_file" of "DataSk".
in C:\inetpub\wwwroot\arsip\protected\controllers\SkController.php (72)
in C:\inetpub\wwwroot\arsip\index.php (13)
2015/11/02 20:25:13 [warning] [application] Failed to set unsafe attribute "upload_file" of "DataSk".
in C:\inetpub\wwwroot\arsip\protected\controllers\SkController.php (72)
in C:\inetpub\wwwroot\arsip\index.php (13)
2015/11/02 20:25:58 [warning] [application] Failed to set unsafe attribute "upload_file" of "DataSk".
in C:\inetpub\wwwroot\arsip\protected\controllers\SkController.php (72)
in C:\inetpub\wwwroot\arsip\index.php (13)
2015/11/02 20:27:01 [warning] [application] Failed to set unsafe attribute "upload_file" of "DataSk".
in C:\inetpub\wwwroot\arsip\protected\controllers\SkController.php (72)
in C:\inetpub\wwwroot\arsip\index.php (13)
2015/11/02 20:27:01 [error] [system.db.CDbCommand] CDbCommand::execute() failed: SQLSTATE[23000]: Integrity constraint violation: 1062 Duplicate entry 'sdf' for key 'nomor_sk'. The SQL statement executed was: INSERT INTO `data_sk` (`nomor_sk`, `tentang`, `tgl_penetapan`, `berlaku`, `tt`, `created_time`, `created_by`, `updated_by`, `updated_time`) VALUES (:yp0, :yp1, :yp2, :yp3, :yp4, :yp5, :yp6, :yp7, :yp8).
in C:\inetpub\wwwroot\arsip\protected\controllers\SkController.php (79)
in C:\inetpub\wwwroot\arsip\index.php (13)
2015/11/02 20:27:01 [error] [exception.CDbException] exception 'CDbException' with message 'CDbCommand failed to execute the SQL statement: SQLSTATE[23000]: Integrity constraint violation: 1062 Duplicate entry 'sdf' for key 'nomor_sk'. The SQL statement executed was: INSERT INTO `data_sk` (`nomor_sk`, `tentang`, `tgl_penetapan`, `berlaku`, `tt`, `created_time`, `created_by`, `updated_by`, `updated_time`) VALUES (:yp0, :yp1, :yp2, :yp3, :yp4, :yp5, :yp6, :yp7, :yp8)' in C:\inetpub\wwwroot\yii\framework\db\CDbCommand.php:358
Stack trace:
#0 C:\inetpub\wwwroot\yii\framework\db\ar\CActiveRecord.php(1077): CDbCommand->execute()
#1 C:\inetpub\wwwroot\yii\framework\db\ar\CActiveRecord.php(806): CActiveRecord->insert(NULL)
#2 C:\inetpub\wwwroot\arsip\protected\controllers\SkController.php(79): CActiveRecord->save()
#3 C:\inetpub\wwwroot\yii\framework\web\actions\CInlineAction.php(49): SkController->actionCreate()
#4 C:\inetpub\wwwroot\yii\framework\web\CController.php(308): CInlineAction->runWithParams(Array)
#5 C:\inetpub\wwwroot\yii\framework\web\filters\CFilterChain.php(133): CController->runAction(Object(CInlineAction))
#6 C:\inetpub\wwwroot\yii\framework\web\filters\CFilter.php(40): CFilterChain->run()
#7 C:\inetpub\wwwroot\yii\framework\web\CController.php(1145): CFilter->filter(Object(CFilterChain))
#8 C:\inetpub\wwwroot\yii\framework\web\filters\CInlineFilter.php(58): CController->filterAccessControl(Object(CFilterChain))
#9 C:\inetpub\wwwroot\yii\framework\web\filters\CFilterChain.php(130): CInlineFilter->filter(Object(CFilterChain))
#10 C:\inetpub\wwwroot\yii\framework\web\CController.php(291): CFilterChain->run()
#11 C:\inetpub\wwwroot\yii\framework\web\CController.php(265): CController->runActionWithFilters(Object(CInlineAction), Array)
#12 C:\inetpub\wwwroot\yii\framework\web\CWebApplication.php(282): CController->run('create')
#13 C:\inetpub\wwwroot\yii\framework\web\CWebApplication.php(141): CWebApplication->runController('sk/create')
#14 C:\inetpub\wwwroot\yii\framework\base\CApplication.php(180): CWebApplication->processRequest()
#15 C:\inetpub\wwwroot\arsip\index.php(13): CApplication->run()
#16 {main}
REQUEST_URI=/arsip/index.php?r=sk/create
HTTP_REFERER=http://localhost/arsip/index.php?r=sk/create
---
2015/11/02 20:28:03 [warning] [application] Failed to set unsafe attribute "upload_file" of "DataSk".
in C:\inetpub\wwwroot\arsip\protected\controllers\SkController.php (72)
in C:\inetpub\wwwroot\arsip\index.php (13)
2015/11/02 20:29:35 [warning] [application] Failed to set unsafe attribute "upload_file" of "DataSk".
in C:\inetpub\wwwroot\arsip\protected\controllers\SkController.php (72)
in C:\inetpub\wwwroot\arsip\index.php (13)
2015/11/02 20:31:40 [warning] [application] Failed to set unsafe attribute "upload_file" of "DataSk".
in C:\inetpub\wwwroot\arsip\protected\controllers\SkController.php (72)
in C:\inetpub\wwwroot\arsip\index.php (13)
2015/11/02 20:45:03 [warning] [application] Failed to set unsafe attribute "upload_file" of "DataSk".
in C:\inetpub\wwwroot\arsip\protected\controllers\SkController.php (72)
in C:\inetpub\wwwroot\arsip\index.php (13)
2015/11/02 20:47:20 [warning] [application] Failed to set unsafe attribute "upload_file" of "DataSk".
in C:\inetpub\wwwroot\arsip\protected\controllers\SkController.php (72)
in C:\inetpub\wwwroot\arsip\index.php (13)
2015/11/02 20:47:49 [warning] [application] Failed to set unsafe attribute "upload_file" of "DataSk".
in C:\inetpub\wwwroot\arsip\protected\controllers\SkController.php (72)
in C:\inetpub\wwwroot\arsip\index.php (13)
2015/11/02 20:48:23 [warning] [application] Failed to set unsafe attribute "upload_file" of "DataSk".
in C:\inetpub\wwwroot\arsip\protected\controllers\SkController.php (72)
in C:\inetpub\wwwroot\arsip\index.php (13)
2015/11/02 20:49:27 [warning] [application] Failed to set unsafe attribute "upload_file" of "DataSk".
in C:\inetpub\wwwroot\arsip\protected\controllers\SkController.php (72)
in C:\inetpub\wwwroot\arsip\index.php (13)
2015/11/02 20:51:22 [warning] [application] Failed to set unsafe attribute "upload_file" of "DataSk".
in C:\inetpub\wwwroot\arsip\protected\controllers\SkController.php (72)
in C:\inetpub\wwwroot\arsip\index.php (13)
2015/11/02 20:51:22 [error] [php] move_uploaded_file(/arsip/file/sk/jpg): failed to open stream: No such file or directory (C:\inetpub\wwwroot\yii\framework\web\CUploadedFile.php:198)
Stack trace:
#0 C:\inetpub\wwwroot\yii\framework\web\actions\CInlineAction.php(49): SkController->actionCreate()
#1 C:\inetpub\wwwroot\yii\framework\web\CController.php(308): CInlineAction->runWithParams()
#2 C:\inetpub\wwwroot\yii\framework\web\filters\CFilterChain.php(133): SkController->runAction()
#3 C:\inetpub\wwwroot\yii\framework\web\filters\CFilter.php(40): CFilterChain->run()
#4 C:\inetpub\wwwroot\yii\framework\web\CController.php(1145): CAccessControlFilter->filter()
#5 C:\inetpub\wwwroot\yii\framework\web\filters\CInlineFilter.php(58): SkController->filterAccessControl()
#6 C:\inetpub\wwwroot\yii\framework\web\filters\CFilterChain.php(130): CInlineFilter->filter()
#7 C:\inetpub\wwwroot\yii\framework\web\CController.php(291): CFilterChain->run()
#8 C:\inetpub\wwwroot\yii\framework\web\CController.php(265): SkController->runActionWithFilters()
#9 C:\inetpub\wwwroot\yii\framework\web\CWebApplication.php(282): SkController->run()
#10 C:\inetpub\wwwroot\yii\framework\web\CWebApplication.php(141): CWebApplication->runController()
#11 C:\inetpub\wwwroot\yii\framework\base\CApplication.php(180): CWebApplication->processRequest()
#12 C:\inetpub\wwwroot\arsip\index.php(13): CWebApplication->run()
REQUEST_URI=/arsip/index.php?r=sk/create
in C:\inetpub\wwwroot\arsip\protected\controllers\SkController.php (78)
in C:\inetpub\wwwroot\arsip\index.php (13)
2015/11/02 20:51:58 [warning] [application] Failed to set unsafe attribute "upload_file" of "DataSk".
in C:\inetpub\wwwroot\arsip\protected\controllers\SkController.php (72)
in C:\inetpub\wwwroot\arsip\index.php (13)
2015/11/02 20:53:16 [warning] [application] Failed to set unsafe attribute "upload_file" of "DataSk".
in C:\inetpub\wwwroot\arsip\protected\controllers\SkController.php (72)
in C:\inetpub\wwwroot\arsip\index.php (13)
2015/11/02 21:01:52 [warning] [application] Failed to set unsafe attribute "upload_file" of "DataSpd".
in C:\inetpub\wwwroot\arsip\protected\controllers\SpdController.php (72)
in C:\inetpub\wwwroot\arsip\index.php (13)
2015/11/02 21:02:20 [warning] [application] Failed to set unsafe attribute "upload_file" of "DataSt".
in C:\inetpub\wwwroot\arsip\protected\controllers\StController.php (72)
in C:\inetpub\wwwroot\arsip\index.php (13)
2015/11/03 22:11:39 [error] [exception.CException] exception 'CException' with message 'Property "MemUser.updated_by" is not defined.' in C:\inetpub\wwwroot\yii\framework\base\CComponent.php:173
Stack trace:
#0 C:\inetpub\wwwroot\yii\framework\db\ar\CActiveRecord.php(161): CComponent->__set('updated_by', NULL)
#1 C:\inetpub\wwwroot\arsip\protected\components\HelpAr.php(12): CActiveRecord->__set('updated_by', NULL)
#2 C:\inetpub\wwwroot\yii\framework\base\CModel.php(156): HelpAr->beforeValidate()
#3 C:\inetpub\wwwroot\yii\framework\db\ar\CActiveRecord.php(805): CModel->validate(NULL)
#4 C:\inetpub\wwwroot\arsip\protected\components\UserIdentity.php(34): CActiveRecord->save()
#5 C:\inetpub\wwwroot\arsip\protected\models\LoginForm.php(52): UserIdentity->authenticate()
#6 C:\inetpub\wwwroot\yii\framework\validators\CInlineValidator.php(42): LoginForm->authenticate('password', Array)
#7 C:\inetpub\wwwroot\yii\framework\validators\CValidator.php(213): CInlineValidator->validateAttribute(Object(LoginForm), 'password')
#8 C:\inetpub\wwwroot\yii\framework\base\CModel.php(159): CValidator->validate(Object(LoginForm), NULL)
#9 C:\inetpub\wwwroot\arsip\protected\controllers\SiteController.php(273): CModel->validate()
#10 C:\inetpub\wwwroot\yii\framework\web\actions\CInlineAction.php(49): SiteController->actionLogin()
#11 C:\inetpub\wwwroot\yii\framework\web\CController.php(308): CInlineAction->runWithParams(Array)
#12 C:\inetpub\wwwroot\yii\framework\web\CController.php(286): CController->runAction(Object(CInlineAction))
#13 C:\inetpub\wwwroot\yii\framework\web\CController.php(265): CController->runActionWithFilters(Object(CInlineAction), Array)
#14 C:\inetpub\wwwroot\yii\framework\web\CWebApplication.php(282): CController->run('login')
#15 C:\inetpub\wwwroot\yii\framework\web\CWebApplication.php(141): CWebApplication->runController('site/login')
#16 C:\inetpub\wwwroot\yii\framework\base\CApplication.php(180): CWebApplication->processRequest()
#17 C:\inetpub\wwwroot\arsip\index.php(13): CApplication->run()
#18 {main}
REQUEST_URI=/arsip/index.php?r=site/login
HTTP_REFERER=http://localhost/arsip/index.php?r=site/login
---
2015/11/04 07:18:18 [error] [php] date() expects parameter 2 to be long, string given (C:\inetpub\wwwroot\yii\framework\base\CComponent.php(612) : eval()'d code:1)
Stack trace:
#0 C:\inetpub\wwwroot\yii\framework\zii\widgets\grid\CDataColumn.php(137): CDataColumn->evaluateExpression()
#1 C:\inetpub\wwwroot\yii\framework\zii\widgets\grid\CGridColumn.php(151): CDataColumn->renderDataCellContent()
#2 C:\inetpub\wwwroot\yii\framework\zii\widgets\grid\CGridView.php(616): CDataColumn->renderDataCell()
#3 C:\inetpub\wwwroot\yii\framework\zii\widgets\grid\CGridView.php(572): CGridView->renderTableRow()
#4 C:\inetpub\wwwroot\yii\framework\zii\widgets\grid\CGridView.php(482): CGridView->renderTableBody()
#5 C:\inetpub\wwwroot\yii\framework\zii\widgets\CBaseListView.php(167): CGridView->renderItems()
#6 unknown(0): CGridView->renderSection()
#7 C:\inetpub\wwwroot\yii\framework\zii\widgets\CBaseListView.php(150): preg_replace_callback()
#8 C:\inetpub\wwwroot\yii\framework\zii\widgets\CBaseListView.php(135): CGridView->renderContent()
#9 C:\inetpub\wwwroot\yii\framework\web\CBaseController.php(173): CGridView->run()
#10 C:\inetpub\wwwroot\arsip\protected\views\sk\admin.php(64): SkController->widget()
#11 C:\inetpub\wwwroot\yii\framework\web\CBaseController.php(126): require()
#12 C:\inetpub\wwwroot\yii\framework\web\CBaseController.php(95): SkController->renderInternal()
#13 C:\inetpub\wwwroot\yii\framework\web\CController.php(869): SkController->renderFile()
#14 C:\inetpub\wwwroot\yii\framework\web\CController.php(782): SkController->renderPartial()
#15 C:\inetpub\wwwroot\arsip\protected\controllers\SkController.php(140): SkController->render()
#16 C:\inetpub\wwwroot\yii\framework\web\actions\CInlineAction.php(49): SkController->actionIndex()
#17 C:\inetpub\wwwroot\yii\framework\web\CController.php(308): CInlineAction->runWithParams()
#18 C:\inetpub\wwwroot\yii\framework\web\filters\CFilterChain.php(133): SkController->runAction()
#19 C:\inetpub\wwwroot\yii\framework\web\filters\CFilter.php(40): CFilterChain->run()
#20 C:\inetpub\wwwroot\yii\framework\web\CController.php(1145): CAccessControlFilter->filter()
#21 C:\inetpub\wwwroot\yii\framework\web\filters\CInlineFilter.php(58): SkController->filterAccessControl()
#22 C:\inetpub\wwwroot\yii\framework\web\filters\CFilterChain.php(130): CInlineFilter->filter()
#23 C:\inetpub\wwwroot\yii\framework\web\CController.php(291): CFilterChain->run()
#24 C:\inetpub\wwwroot\yii\framework\web\CController.php(265): SkController->runActionWithFilters()
#25 C:\inetpub\wwwroot\yii\framework\web\CWebApplication.php(282): SkController->run()
#26 C:\inetpub\wwwroot\yii\framework\web\CWebApplication.php(141): CWebApplication->runController()
#27 C:\inetpub\wwwroot\yii\framework\base\CApplication.php(180): CWebApplication->processRequest()
#28 C:\inetpub\wwwroot\arsip\index.php(13): CWebApplication->run()
REQUEST_URI=/arsip/index.php?r=sk/index
in C:\inetpub\wwwroot\arsip\protected\views\sk\admin.php (64)
in C:\inetpub\wwwroot\arsip\protected\controllers\SkController.php (140)
in C:\inetpub\wwwroot\arsip\index.php (13)
2015/11/04 07:21:19 [error] [php] Undefined variable: data (C:\inetpub\wwwroot\arsip\protected\views\sk\admin.php:59)
Stack trace:
#0 C:\inetpub\wwwroot\yii\framework\web\CController.php(869): SkController->renderFile()
#1 C:\inetpub\wwwroot\yii\framework\web\CController.php(782): SkController->renderPartial()
#2 C:\inetpub\wwwroot\arsip\protected\controllers\SkController.php(140): SkController->render()
#3 C:\inetpub\wwwroot\yii\framework\web\actions\CInlineAction.php(49): SkController->actionIndex()
#4 C:\inetpub\wwwroot\yii\framework\web\CController.php(308): CInlineAction->runWithParams()
#5 C:\inetpub\wwwroot\yii\framework\web\filters\CFilterChain.php(133): SkController->runAction()
#6 C:\inetpub\wwwroot\yii\framework\web\filters\CFilter.php(40): CFilterChain->run()
#7 C:\inetpub\wwwroot\yii\framework\web\CController.php(1145): CAccessControlFilter->filter()
#8 C:\inetpub\wwwroot\yii\framework\web\filters\CInlineFilter.php(58): SkController->filterAccessControl()
#9 C:\inetpub\wwwroot\yii\framework\web\filters\CFilterChain.php(130): CInlineFilter->filter()
#10 C:\inetpub\wwwroot\yii\framework\web\CController.php(291): CFilterChain->run()
#11 C:\inetpub\wwwroot\yii\framework\web\CController.php(265): SkController->runActionWithFilters()
#12 C:\inetpub\wwwroot\yii\framework\web\CWebApplication.php(282): SkController->run()
#13 C:\inetpub\wwwroot\yii\framework\web\CWebApplication.php(141): CWebApplication->runController()
#14 C:\inetpub\wwwroot\yii\framework\base\CApplication.php(180): CWebApplication->processRequest()
#15 C:\inetpub\wwwroot\arsip\index.php(13): CWebApplication->run()
REQUEST_URI=/arsip/index.php?r=sk/index
in C:\inetpub\wwwroot\arsip\protected\views\sk\admin.php (59)
in C:\inetpub\wwwroot\arsip\protected\controllers\SkController.php (140)
in C:\inetpub\wwwroot\arsip\index.php (13)
2015/11/13 22:36:39 [error] [exception.CHttpException.404] exception 'CHttpException' with message 'Unable to resolve the request "pengguna".' in C:\inetpub\wwwroot\yii\framework\web\CWebApplication.php:286
Stack trace:
#0 C:\inetpub\wwwroot\yii\framework\web\CWebApplication.php(141): CWebApplication->runController('pengguna')
#1 C:\inetpub\wwwroot\yii\framework\base\CApplication.php(180): CWebApplication->processRequest()
#2 C:\inetpub\wwwroot\arsip\index.php(13): CApplication->run()
#3 {main}
REQUEST_URI=/arsip/index.php?r=pengguna
---
2015/11/13 22:36:55 [error] [exception.CException] exception 'CException' with message 'Property "MemUser.id_pengguna" is not defined.' in C:\inetpub\wwwroot\yii\framework\base\CComponent.php:130
Stack trace:
#0 C:\inetpub\wwwroot\yii\framework\db\ar\CActiveRecord.php(145): CComponent->__get('id_pengguna')
#1 C:\inetpub\wwwroot\arsip\protected\views\pengguna\_view.php(9): CActiveRecord->__get('id_pengguna')
#2 C:\inetpub\wwwroot\yii\framework\web\CBaseController.php(130): require('C:\\inetpub\\wwwr...')
#3 C:\inetpub\wwwroot\yii\framework\web\CBaseController.php(95): CBaseController->renderInternal('C:\\inetpub\\wwwr...', Array, false)
#4 C:\inetpub\wwwroot\yii\framework\zii\widgets\CListView.php(291): CBaseController->renderFile('C:\\inetpub\\wwwr...', Array)
#5 C:\inetpub\wwwroot\yii\framework\zii\widgets\CBaseListView.php(167): CListView->renderItems()
#6 [internal function]: CBaseListView->renderSection(Array)
#7 C:\inetpub\wwwroot\yii\framework\zii\widgets\CBaseListView.php(150): preg_replace_callback('/{(\\w+)}/', Array, '{summary}\n{sort...')
#8 C:\inetpub\wwwroot\yii\framework\zii\widgets\CBaseListView.php(135): CBaseListView->renderContent()
#9 C:\inetpub\wwwroot\yii\framework\web\CBaseController.php(173): CBaseListView->run()
#10 C:\inetpub\wwwroot\arsip\protected\views\pengguna\index.php(20): CBaseController->widget('zii.widgets.CLi...', Array)
#11 C:\inetpub\wwwroot\yii\framework\web\CBaseController.php(126): require('C:\\inetpub\\wwwr...')
#12 C:\inetpub\wwwroot\yii\framework\web\CBaseController.php(95): CBaseController->renderInternal('C:\\inetpub\\wwwr...', Array, true)
#13 C:\inetpub\wwwroot\yii\framework\web\CController.php(869): CBaseController->renderFile('C:\\inetpub\\wwwr...', Array, true)
#14 C:\inetpub\wwwroot\yii\framework\web\CController.php(782): CController->renderPartial('index', Array, true)
#15 C:\inetpub\wwwroot\arsip\protected\controllers\PenggunaController.php(181): CController->render('index', Array)
#16 C:\inetpub\wwwroot\yii\framework\web\actions\CInlineAction.php(49): PenggunaController->actionIndex()
#17 C:\inetpub\wwwroot\yii\framework\web\CController.php(308): CInlineAction->runWithParams(Array)
#18 C:\inetpub\wwwroot\yii\framework\web\filters\CFilterChain.php(133): CController->runAction(Object(CInlineAction))
#19 C:\inetpub\wwwroot\yii\framework\web\filters\CFilter.php(40): CFilterChain->run()
#20 C:\inetpub\wwwroot\yii\framework\web\CController.php(1145): CFilter->filter(Object(CFilterChain))
#21 C:\inetpub\wwwroot\yii\framework\web\filters\CInlineFilter.php(58): CController->filterAccessControl(Object(CFilterChain))
#22 C:\inetpub\wwwroot\yii\framework\web\filters\CFilterChain.php(130): CInlineFilter->filter(Object(CFilterChain))
#23 C:\inetpub\wwwroot\yii\framework\web\CController.php(291): CFilterChain->run()
#24 C:\inetpub\wwwroot\yii\framework\web\CController.php(265): CController->runActionWithFilters(Object(CInlineAction), Array)
#25 C:\inetpub\wwwroot\yii\framework\web\CWebApplication.php(282): CController->run('')
#26 C:\inetpub\wwwroot\yii\framework\web\CWebApplication.php(141): CWebApplication->runController('pengguna')
#27 C:\inetpub\wwwroot\yii\framework\base\CApplication.php(180): CWebApplication->processRequest()
#28 C:\inetpub\wwwroot\arsip\index.php(13): CApplication->run()
#29 {main}
REQUEST_URI=/arsip/index.php?r=pengguna
---
2015/11/13 22:37:41 [error] [exception.CException] exception 'CException' with message 'Property "MemUser.id_pengguna" is not defined.' in C:\inetpub\wwwroot\yii\framework\base\CComponent.php:130
Stack trace:
#0 C:\inetpub\wwwroot\yii\framework\db\ar\CActiveRecord.php(145): CComponent->__get('id_pengguna')
#1 C:\inetpub\wwwroot\arsip\protected\views\pengguna\_view.php(9): CActiveRecord->__get('id_pengguna')
#2 C:\inetpub\wwwroot\yii\framework\web\CBaseController.php(130): require('C:\\inetpub\\wwwr...')
#3 C:\inetpub\wwwroot\yii\framework\web\CBaseController.php(95): CBaseController->renderInternal('C:\\inetpub\\wwwr...', Array, false)
#4 C:\inetpub\wwwroot\yii\framework\zii\widgets\CListView.php(291): CBaseController->renderFile('C:\\inetpub\\wwwr...', Array)
#5 C:\inetpub\wwwroot\yii\framework\zii\widgets\CBaseListView.php(167): CListView->renderItems()
#6 [internal function]: CBaseListView->renderSection(Array)
#7 C:\inetpub\wwwroot\yii\framework\zii\widgets\CBaseListView.php(150): preg_replace_callback('/{(\\w+)}/', Array, '{summary}\n{sort...')
#8 C:\inetpub\wwwroot\yii\framework\zii\widgets\CBaseListView.php(135): CBaseListView->renderContent()
#9 C:\inetpub\wwwroot\yii\framework\web\CBaseController.php(173): CBaseListView->run()
#10 C:\inetpub\wwwroot\arsip\protected\views\pengguna\index.php(20): CBaseController->widget('zii.widgets.CLi...', Array)
#11 C:\inetpub\wwwroot\yii\framework\web\CBaseController.php(126): require('C:\\inetpub\\wwwr...')
#12 C:\inetpub\wwwroot\yii\framework\web\CBaseController.php(95): CBaseController->renderInternal('C:\\inetpub\\wwwr...', Array, true)
#13 C:\inetpub\wwwroot\yii\framework\web\CController.php(869): CBaseController->renderFile('C:\\inetpub\\wwwr...', Array, true)
#14 C:\inetpub\wwwroot\yii\framework\web\CController.php(782): CController->renderPartial('index', Array, true)
#15 C:\inetpub\wwwroot\arsip\protected\controllers\PenggunaController.php(181): CController->render('index', Array)
#16 C:\inetpub\wwwroot\yii\framework\web\actions\CInlineAction.php(49): PenggunaController->actionIndex()
#17 C:\inetpub\wwwroot\yii\framework\web\CController.php(308): CInlineAction->runWithParams(Array)
#18 C:\inetpub\wwwroot\yii\framework\web\filters\CFilterChain.php(133): CController->runAction(Object(CInlineAction))
#19 C:\inetpub\wwwroot\yii\framework\web\filters\CFilter.php(40): CFilterChain->run()
#20 C:\inetpub\wwwroot\yii\framework\web\CController.php(1145): CFilter->filter(Object(CFilterChain))
#21 C:\inetpub\wwwroot\yii\framework\web\filters\CInlineFilter.php(58): CController->filterAccessControl(Object(CFilterChain))
#22 C:\inetpub\wwwroot\yii\framework\web\filters\CFilterChain.php(130): CInlineFilter->filter(Object(CFilterChain))
#23 C:\inetpub\wwwroot\yii\framework\web\CController.php(291): CFilterChain->run()
#24 C:\inetpub\wwwroot\yii\framework\web\CController.php(265): CController->runActionWithFilters(Object(CInlineAction), Array)
#25 C:\inetpub\wwwroot\yii\framework\web\CWebApplication.php(282): CController->run('')
#26 C:\inetpub\wwwroot\yii\framework\web\CWebApplication.php(141): CWebApplication->runController('pengguna')
#27 C:\inetpub\wwwroot\yii\framework\base\CApplication.php(180): CWebApplication->processRequest()
#28 C:\inetpub\wwwroot\arsip\index.php(13): CApplication->run()
#29 {main}
REQUEST_URI=/arsip/index.php?r=pengguna
---
2015/11/13 22:37:55 [error] [exception.CException] exception 'CException' with message 'Property "MemUser.enkrip" is not defined.' in C:\inetpub\wwwroot\yii\framework\base\CComponent.php:130
Stack trace:
#0 C:\inetpub\wwwroot\yii\framework\db\ar\CActiveRecord.php(145): CComponent->__get('enkrip')
#1 C:\inetpub\wwwroot\arsip\protected\views\pengguna\_view.php(21): CActiveRecord->__get('enkrip')
#2 C:\inetpub\wwwroot\yii\framework\web\CBaseController.php(130): require('C:\\inetpub\\wwwr...')
#3 C:\inetpub\wwwroot\yii\framework\web\CBaseController.php(95): CBaseController->renderInternal('C:\\inetpub\\wwwr...', Array, false)
#4 C:\inetpub\wwwroot\yii\framework\zii\widgets\CListView.php(291): CBaseController->renderFile('C:\\inetpub\\wwwr...', Array)
#5 C:\inetpub\wwwroot\yii\framework\zii\widgets\CBaseListView.php(167): CListView->renderItems()
#6 [internal function]: CBaseListView->renderSection(Array)
#7 C:\inetpub\wwwroot\yii\framework\zii\widgets\CBaseListView.php(150): preg_replace_callback('/{(\\w+)}/', Array, '{summary}\n{sort...')
#8 C:\inetpub\wwwroot\yii\framework\zii\widgets\CBaseListView.php(135): CBaseListView->renderContent()
#9 C:\inetpub\wwwroot\yii\framework\web\CBaseController.php(173): CBaseListView->run()
#10 C:\inetpub\wwwroot\arsip\protected\views\pengguna\index.php(20): CBaseController->widget('zii.widgets.CLi...', Array)
#11 C:\inetpub\wwwroot\yii\framework\web\CBaseController.php(126): require('C:\\inetpub\\wwwr...')
#12 C:\inetpub\wwwroot\yii\framework\web\CBaseController.php(95): CBaseController->renderInternal('C:\\inetpub\\wwwr...', Array, true)
#13 C:\inetpub\wwwroot\yii\framework\web\CController.php(869): CBaseController->renderFile('C:\\inetpub\\wwwr...', Array, true)
#14 C:\inetpub\wwwroot\yii\framework\web\CController.php(782): CController->renderPartial('index', Array, true)
#15 C:\inetpub\wwwroot\arsip\protected\controllers\PenggunaController.php(181): CController->render('index', Array)
#16 C:\inetpub\wwwroot\yii\framework\web\actions\CInlineAction.php(49): PenggunaController->actionIndex()
#17 C:\inetpub\wwwroot\yii\framework\web\CController.php(308): CInlineAction->runWithParams(Array)
#18 C:\inetpub\wwwroot\yii\framework\web\filters\CFilterChain.php(133): CController->runAction(Object(CInlineAction))
#19 C:\inetpub\wwwroot\yii\framework\web\filters\CFilter.php(40): CFilterChain->run()
#20 C:\inetpub\wwwroot\yii\framework\web\CController.php(1145): CFilter->filter(Object(CFilterChain))
#21 C:\inetpub\wwwroot\yii\framework\web\filters\CInlineFilter.php(58): CController->filterAccessControl(Object(CFilterChain))
#22 C:\inetpub\wwwroot\yii\framework\web\filters\CFilterChain.php(130): CInlineFilter->filter(Object(CFilterChain))
#23 C:\inetpub\wwwroot\yii\framework\web\CController.php(291): CFilterChain->run()
#24 C:\inetpub\wwwroot\yii\framework\web\CController.php(265): CController->runActionWithFilters(Object(CInlineAction), Array)
#25 C:\inetpub\wwwroot\yii\framework\web\CWebApplication.php(282): CController->run('')
#26 C:\inetpub\wwwroot\yii\framework\web\CWebApplication.php(141): CWebApplication->runController('pengguna')
#27 C:\inetpub\wwwroot\yii\framework\base\CApplication.php(180): CWebApplication->processRequest()
#28 C:\inetpub\wwwroot\arsip\index.php(13): CApplication->run()
#29 {main}
REQUEST_URI=/arsip/index.php?r=pengguna
---
2015/11/13 22:38:12 [error] [exception.CException] exception 'CException' with message 'Property "MemUser.id_pengguna" is not defined.' in C:\inetpub\wwwroot\yii\framework\base\CComponent.php:130
Stack trace:
#0 C:\inetpub\wwwroot\yii\framework\db\ar\CActiveRecord.php(145): CComponent->__get('id_pengguna')
#1 C:\inetpub\wwwroot\yii\framework\web\helpers\CHtml.php(2529): CActiveRecord->__get('id_pengguna')
#2 C:\inetpub\wwwroot\yii\framework\web\helpers\CHtml.php(2252): CHtml::resolveValue(Object(MemUser), 'id_pengguna')
#3 C:\inetpub\wwwroot\yii\framework\web\helpers\CHtml.php(1434): CHtml::activeInputField('text', Object(MemUser), 'id_pengguna', Array)
#4 C:\inetpub\wwwroot\yii\framework\web\widgets\CActiveForm.php(725): CHtml::activeTextField(Object(MemUser), 'id_pengguna', Array)
#5 C:\inetpub\wwwroot\arsip\protected\views\pengguna\_search.php(16): CActiveForm->textField(Object(MemUser), 'id_pengguna')
#6 C:\inetpub\wwwroot\yii\framework\web\CBaseController.php(126): require('C:\\inetpub\\wwwr...')
#7 C:\inetpub\wwwroot\yii\framework\web\CBaseController.php(95): CBaseController->renderInternal('C:\\inetpub\\wwwr...', Array, true)
#8 C:\inetpub\wwwroot\yii\framework\web\CController.php(869): CBaseController->renderFile('C:\\inetpub\\wwwr...', Array, true)
#9 C:\inetpub\wwwroot\arsip\protected\views\pengguna\admin.php(40): CController->renderPartial('_search', Array)
#10 C:\inetpub\wwwroot\yii\framework\web\CBaseController.php(126): require('C:\\inetpub\\wwwr...')
#11 C:\inetpub\wwwroot\yii\framework\web\CBaseController.php(95): CBaseController->renderInternal('C:\\inetpub\\wwwr...', Array, true)
#12 C:\inetpub\wwwroot\yii\framework\web\CController.php(869): CBaseController->renderFile('C:\\inetpub\\wwwr...', Array, true)
#13 C:\inetpub\wwwroot\yii\framework\web\CController.php(782): CController->renderPartial('admin', Array, true)
#14 C:\inetpub\wwwroot\arsip\protected\controllers\PenggunaController.php(185): CController->render('admin', Array)
#15 C:\inetpub\wwwroot\yii\framework\web\actions\CInlineAction.php(49): PenggunaController->actionIndex()
#16 C:\inetpub\wwwroot\yii\framework\web\CController.php(308): CInlineAction->runWithParams(Array)
#17 C:\inetpub\wwwroot\yii\framework\web\filters\CFilterChain.php(133): CController->runAction(Object(CInlineAction))
#18 C:\inetpub\wwwroot\yii\framework\web\filters\CFilter.php(40): CFilterChain->run()
#19 C:\inetpub\wwwroot\yii\framework\web\CController.php(1145): CFilter->filter(Object(CFilterChain))
#20 C:\inetpub\wwwroot\yii\framework\web\filters\CInlineFilter.php(58): CController->filterAccessControl(Object(CFilterChain))
#21 C:\inetpub\wwwroot\yii\framework\web\filters\CFilterChain.php(130): CInlineFilter->filter(Object(CFilterChain))
#22 C:\inetpub\wwwroot\yii\framework\web\CController.php(291): CFilterChain->run()
#23 C:\inetpub\wwwroot\yii\framework\web\CController.php(265): CController->runActionWithFilters(Object(CInlineAction), Array)
#24 C:\inetpub\wwwroot\yii\framework\web\CWebApplication.php(282): CController->run('')
#25 C:\inetpub\wwwroot\yii\framework\web\CWebApplication.php(141): CWebApplication->runController('pengguna')
#26 C:\inetpub\wwwroot\yii\framework\base\CApplication.php(180): CWebApplication->processRequest()
#27 C:\inetpub\wwwroot\arsip\index.php(13): CApplication->run()
#28 {main}
REQUEST_URI=/arsip/index.php?r=pengguna
---
2015/11/13 22:38:23 [error] [exception.CException] exception 'CException' with message 'Property "MemUser.id_pengguna" is not defined.' in C:\inetpub\wwwroot\yii\framework\base\CComponent.php:130
Stack trace:
#0 C:\inetpub\wwwroot\yii\framework\db\ar\CActiveRecord.php(145): CComponent->__get('id_pengguna')
#1 C:\inetpub\wwwroot\yii\framework\web\helpers\CHtml.php(2529): CActiveRecord->__get('id_pengguna')
#2 C:\inetpub\wwwroot\yii\framework\web\helpers\CHtml.php(2252): CHtml::resolveValue(Object(MemUser), 'id_pengguna')
#3 C:\inetpub\wwwroot\yii\framework\web\helpers\CHtml.php(1434): CHtml::activeInputField('text', Object(MemUser), 'id_pengguna', Array)
#4 C:\inetpub\wwwroot\yii\framework\web\widgets\CActiveForm.php(725): CHtml::activeTextField(Object(MemUser), 'id_pengguna', Array)
#5 C:\inetpub\wwwroot\arsip\protected\views\pengguna\_search.php(16): CActiveForm->textField(Object(MemUser), 'id_pengguna')
#6 C:\inetpub\wwwroot\yii\framework\web\CBaseController.php(126): require('C:\\inetpub\\wwwr...')
#7 C:\inetpub\wwwroot\yii\framework\web\CBaseController.php(95): CBaseController->renderInternal('C:\\inetpub\\wwwr...', Array, true)
#8 C:\inetpub\wwwroot\yii\framework\web\CController.php(869): CBaseController->renderFile('C:\\inetpub\\wwwr...', Array, true)
#9 C:\inetpub\wwwroot\arsip\protected\views\pengguna\admin.php(40): CController->renderPartial('_search', Array)
#10 C:\inetpub\wwwroot\yii\framework\web\CBaseController.php(126): require('C:\\inetpub\\wwwr...')
#11 C:\inetpub\wwwroot\yii\framework\web\CBaseController.php(95): CBaseController->renderInternal('C:\\inetpub\\wwwr...', Array, true)
#12 C:\inetpub\wwwroot\yii\framework\web\CController.php(869): CBaseController->renderFile('C:\\inetpub\\wwwr...', Array, true)
#13 C:\inetpub\wwwroot\yii\framework\web\CController.php(782): CController->renderPartial('admin', Array, true)
#14 C:\inetpub\wwwroot\arsip\protected\controllers\PenggunaController.php(185): CController->render('admin', Array)
#15 C:\inetpub\wwwroot\yii\framework\web\actions\CInlineAction.php(49): PenggunaController->actionIndex()
#16 C:\inetpub\wwwroot\yii\framework\web\CController.php(308): CInlineAction->runWithParams(Array)
#17 C:\inetpub\wwwroot\yii\framework\web\filters\CFilterChain.php(133): CController->runAction(Object(CInlineAction))
#18 C:\inetpub\wwwroot\yii\framework\web\filters\CFilter.php(40): CFilterChain->run()
#19 C:\inetpub\wwwroot\yii\framework\web\CController.php(1145): CFilter->filter(Object(CFilterChain))
#20 C:\inetpub\wwwroot\yii\framework\web\filters\CInlineFilter.php(58): CController->filterAccessControl(Object(CFilterChain))
#21 C:\inetpub\wwwroot\yii\framework\web\filters\CFilterChain.php(130): CInlineFilter->filter(Object(CFilterChain))
#22 C:\inetpub\wwwroot\yii\framework\web\CController.php(291): CFilterChain->run()
#23 C:\inetpub\wwwroot\yii\framework\web\CController.php(265): CController->runActionWithFilters(Object(CInlineAction), Array)
#24 C:\inetpub\wwwroot\yii\framework\web\CWebApplication.php(282): CController->run('')
#25 C:\inetpub\wwwroot\yii\framework\web\CWebApplication.php(141): CWebApplication->runController('pengguna')
#26 C:\inetpub\wwwroot\yii\framework\base\CApplication.php(180): CWebApplication->processRequest()
#27 C:\inetpub\wwwroot\arsip\index.php(13): CApplication->run()
#28 {main}
REQUEST_URI=/arsip/index.php?r=pengguna
---
2015/11/13 22:38:59 [error] [exception.CException] exception 'CException' with message 'Property "MemUser.enkrip" is not defined.' in C:\inetpub\wwwroot\yii\framework\base\CComponent.php:130
Stack trace:
#0 C:\inetpub\wwwroot\yii\framework\db\ar\CActiveRecord.php(145): CComponent->__get('enkrip')
#1 C:\inetpub\wwwroot\yii\framework\web\helpers\CHtml.php(2529): CActiveRecord->__get('enkrip')
#2 C:\inetpub\wwwroot\yii\framework\web\helpers\CHtml.php(2252): CHtml::resolveValue(Object(MemUser), 'enkrip')
#3 C:\inetpub\wwwroot\yii\framework\web\helpers\CHtml.php(1434): CHtml::activeInputField('text', Object(MemUser), 'enkrip', Array)
#4 C:\inetpub\wwwroot\yii\framework\web\widgets\CActiveForm.php(725): CHtml::activeTextField(Object(MemUser), 'enkrip', Array)
#5 C:\inetpub\wwwroot\arsip\protected\views\pengguna\_search.php(26): CActiveForm->textField(Object(MemUser), 'enkrip', Array)
#6 C:\inetpub\wwwroot\yii\framework\web\CBaseController.php(126): require('C:\\inetpub\\wwwr...')
#7 C:\inetpub\wwwroot\yii\framework\web\CBaseController.php(95): CBaseController->renderInternal('C:\\inetpub\\wwwr...', Array, true)
#8 C:\inetpub\wwwroot\yii\framework\web\CController.php(869): CBaseController->renderFile('C:\\inetpub\\wwwr...', Array, true)
#9 C:\inetpub\wwwroot\arsip\protected\views\pengguna\admin.php(36): CController->renderPartial('_search', Array)
#10 C:\inetpub\wwwroot\yii\framework\web\CBaseController.php(126): require('C:\\inetpub\\wwwr...')
#11 C:\inetpub\wwwroot\yii\framework\web\CBaseController.php(95): CBaseController->renderInternal('C:\\inetpub\\wwwr...', Array, true)
#12 C:\inetpub\wwwroot\yii\framework\web\CController.php(869): CBaseController->renderFile('C:\\inetpub\\wwwr...', Array, true)
#13 C:\inetpub\wwwroot\yii\framework\web\CController.php(782): CController->renderPartial('admin', Array, true)
#14 C:\inetpub\wwwroot\arsip\protected\controllers\PenggunaController.php(185): CController->render('admin', Array)
#15 C:\inetpub\wwwroot\yii\framework\web\actions\CInlineAction.php(49): PenggunaController->actionIndex()
#16 C:\inetpub\wwwroot\yii\framework\web\CController.php(308): CInlineAction->runWithParams(Array)
#17 C:\inetpub\wwwroot\yii\framework\web\filters\CFilterChain.php(133): CController->runAction(Object(CInlineAction))
#18 C:\inetpub\wwwroot\yii\framework\web\filters\CFilter.php(40): CFilterChain->run()
#19 C:\inetpub\wwwroot\yii\framework\web\CController.php(1145): CFilter->filter(Object(CFilterChain))
#20 C:\inetpub\wwwroot\yii\framework\web\filters\CInlineFilter.php(58): CController->filterAccessControl(Object(CFilterChain))
#21 C:\inetpub\wwwroot\yii\framework\web\filters\CFilterChain.php(130): CInlineFilter->filter(Object(CFilterChain))
#22 C:\inetpub\wwwroot\yii\framework\web\CController.php(291): CFilterChain->run()
#23 C:\inetpub\wwwroot\yii\framework\web\CController.php(265): CController->runActionWithFilters(Object(CInlineAction), Array)
#24 C:\inetpub\wwwroot\yii\framework\web\CWebApplication.php(282): CController->run('')
#25 C:\inetpub\wwwroot\yii\framework\web\CWebApplication.php(141): CWebApplication->runController('pengguna')
#26 C:\inetpub\wwwroot\yii\framework\base\CApplication.php(180): CWebApplication->processRequest()
#27 C:\inetpub\wwwroot\arsip\index.php(13): CApplication->run()
#28 {main}
REQUEST_URI=/arsip/index.php?r=pengguna
---
2015/11/13 22:45:56 [error] [exception.CHttpException.403] exception 'CHttpException' with message 'You are not authorized to perform this action.' in C:\inetpub\wwwroot\yii\framework\web\auth\CAccessControlFilter.php:182
Stack trace:
#0 C:\inetpub\wwwroot\yii\framework\web\auth\CAccessControlFilter.php(145): CAccessControlFilter->accessDenied(Object(CWebUser), 'You are not aut...')
#1 C:\inetpub\wwwroot\yii\framework\web\filters\CFilter.php(38): CAccessControlFilter->preFilter(Object(CFilterChain))
#2 C:\inetpub\wwwroot\yii\framework\web\CController.php(1145): CFilter->filter(Object(CFilterChain))
#3 C:\inetpub\wwwroot\yii\framework\web\filters\CInlineFilter.php(58): CController->filterAccessControl(Object(CFilterChain))
#4 C:\inetpub\wwwroot\yii\framework\web\filters\CFilterChain.php(130): CInlineFilter->filter(Object(CFilterChain))
#5 C:\inetpub\wwwroot\yii\framework\web\CController.php(291): CFilterChain->run()
#6 C:\inetpub\wwwroot\yii\framework\web\CController.php(265): CController->runActionWithFilters(Object(CInlineAction), Array)
#7 C:\inetpub\wwwroot\yii\framework\web\CWebApplication.php(282): CController->run('')
#8 C:\inetpub\wwwroot\yii\framework\web\CWebApplication.php(141): CWebApplication->runController('user')
#9 C:\inetpub\wwwroot\yii\framework\base\CApplication.php(180): CWebApplication->processRequest()
#10 C:\inetpub\wwwroot\arsip\index.php(13): CApplication->run()
#11 {main}
REQUEST_URI=/arsip/index.php?r=user
---
2015/11/13 22:50:22 [error] [exception.CException] exception 'CException' with message 'UserController cannot find the requested view "cp".' in C:\inetpub\wwwroot\yii\framework\web\CController.php:878
Stack trace:
#0 C:\inetpub\wwwroot\yii\framework\web\CController.php(782): CController->renderPartial('cp', Array, true)
#1 C:\inetpub\wwwroot\arsip\protected\controllers\UserController.php(82): CController->render('cp', Array)
#2 C:\inetpub\wwwroot\yii\framework\web\actions\CInlineAction.php(49): UserController->actionCp()
#3 C:\inetpub\wwwroot\yii\framework\web\CController.php(308): CInlineAction->runWithParams(Array)
#4 C:\inetpub\wwwroot\yii\framework\web\filters\CFilterChain.php(133): CController->runAction(Object(CInlineAction))
#5 C:\inetpub\wwwroot\yii\framework\web\filters\CFilter.php(40): CFilterChain->run()
#6 C:\inetpub\wwwroot\yii\framework\web\CController.php(1145): CFilter->filter(Object(CFilterChain))
#7 C:\inetpub\wwwroot\yii\framework\web\filters\CInlineFilter.php(58): CController->filterAccessControl(Object(CFilterChain))
#8 C:\inetpub\wwwroot\yii\framework\web\filters\CFilterChain.php(130): CInlineFilter->filter(Object(CFilterChain))
#9 C:\inetpub\wwwroot\yii\framework\web\CController.php(291): CFilterChain->run()
#10 C:\inetpub\wwwroot\yii\framework\web\CController.php(265): CController->runActionWithFilters(Object(CInlineAction), Array)
#11 C:\inetpub\wwwroot\yii\framework\web\CWebApplication.php(282): CController->run('cp')
#12 C:\inetpub\wwwroot\yii\framework\web\CWebApplication.php(141): CWebApplication->runController('user/cp')
#13 C:\inetpub\wwwroot\yii\framework\base\CApplication.php(180): CWebApplication->processRequest()
#14 C:\inetpub\wwwroot\arsip\index.php(13): CApplication->run()
#15 {main}
REQUEST_URI=/arsip/index.php?r=user/cp
HTTP_REFERER=http://localhost/arsip/index.php?r=user
---
2015/11/15 20:52:25 [warning] [application] Failed to set unsafe attribute "upload_file" of "DataSpd".
in C:\inetpub\wwwroot\arsip\protected\controllers\SpdController.php (72)
in C:\inetpub\wwwroot\arsip\index.php (13)
2015/11/15 20:53:04 [warning] [application] Failed to set unsafe attribute "upload_file" of "DataSpd".
in C:\inetpub\wwwroot\arsip\protected\controllers\SpdController.php (72)
in C:\inetpub\wwwroot\arsip\index.php (13)
2015/11/15 20:53:38 [warning] [application] Failed to set unsafe attribute "upload_file" of "DataSpd".
in C:\inetpub\wwwroot\arsip\protected\controllers\SpdController.php (72)
in C:\inetpub\wwwroot\arsip\index.php (13)
2015/11/15 20:53:53 [error] [exception.CHttpException.403] exception 'CHttpException' with message 'You are not authorized to perform this action.' in C:\inetpub\wwwroot\yii\framework\web\auth\CAccessControlFilter.php:182
Stack trace:
#0 C:\inetpub\wwwroot\yii\framework\web\auth\CAccessControlFilter.php(145): CAccessControlFilter->accessDenied(Object(CWebUser), 'You are not aut...')
#1 C:\inetpub\wwwroot\yii\framework\web\filters\CFilter.php(38): CAccessControlFilter->preFilter(Object(CFilterChain))
#2 C:\inetpub\wwwroot\yii\framework\web\CController.php(1145): CFilter->filter(Object(CFilterChain))
#3 C:\inetpub\wwwroot\yii\framework\web\filters\CInlineFilter.php(58): CController->filterAccessControl(Object(CFilterChain))
#4 C:\inetpub\wwwroot\yii\framework\web\filters\CFilterChain.php(130): CInlineFilter->filter(Object(CFilterChain))
#5 C:\inetpub\wwwroot\yii\framework\web\CController.php(291): CFilterChain->run()
#6 C:\inetpub\wwwroot\yii\framework\web\CController.php(265): CController->runActionWithFilters(Object(CInlineAction), Array)
#7 C:\inetpub\wwwroot\yii\framework\web\CWebApplication.php(282): CController->run('delete')
#8 C:\inetpub\wwwroot\yii\framework\web\CWebApplication.php(141): CWebApplication->runController('spd/delete')
#9 C:\inetpub\wwwroot\yii\framework\base\CApplication.php(180): CWebApplication->processRequest()
#10 C:\inetpub\wwwroot\arsip\index.php(13): CApplication->run()
#11 {main}
REQUEST_URI=/arsip/index.php?ajax=data-spd-grid&id=1&r=spd%2Fdelete
HTTP_REFERER=http://localhost/arsip/index.php?r=spd/index
---
2015/11/15 20:54:00 [error] [exception.CHttpException.403] exception 'CHttpException' with message 'You are not authorized to perform this action.' in C:\inetpub\wwwroot\yii\framework\web\auth\CAccessControlFilter.php:182
Stack trace:
#0 C:\inetpub\wwwroot\yii\framework\web\auth\CAccessControlFilter.php(145): CAccessControlFilter->accessDenied(Object(CWebUser), 'You are not aut...')
#1 C:\inetpub\wwwroot\yii\framework\web\filters\CFilter.php(38): CAccessControlFilter->preFilter(Object(CFilterChain))
#2 C:\inetpub\wwwroot\yii\framework\web\CController.php(1145): CFilter->filter(Object(CFilterChain))
#3 C:\inetpub\wwwroot\yii\framework\web\filters\CInlineFilter.php(58): CController->filterAccessControl(Object(CFilterChain))
#4 C:\inetpub\wwwroot\yii\framework\web\filters\CFilterChain.php(130): CInlineFilter->filter(Object(CFilterChain))
#5 C:\inetpub\wwwroot\yii\framework\web\CController.php(291): CFilterChain->run()
#6 C:\inetpub\wwwroot\yii\framework\web\CController.php(265): CController->runActionWithFilters(Object(CInlineAction), Array)
#7 C:\inetpub\wwwroot\yii\framework\web\CWebApplication.php(282): CController->run('delete')
#8 C:\inetpub\wwwroot\yii\framework\web\CWebApplication.php(141): CWebApplication->runController('spd/delete')
#9 C:\inetpub\wwwroot\yii\framework\base\CApplication.php(180): CWebApplication->processRequest()
#10 C:\inetpub\wwwroot\arsip\index.php(13): CApplication->run()
#11 {main}
REQUEST_URI=/arsip/index.php?ajax=data-spd-grid&id=1&r=spd%2Fdelete
HTTP_REFERER=http://localhost/arsip/index.php?r=spd/index
---
2015/11/15 20:58:09 [warning] [application] Failed to set unsafe attribute "upload_file" of "DataSk".
in C:\inetpub\wwwroot\arsip\protected\controllers\SkController.php (72)
in C:\inetpub\wwwroot\arsip\index.php (13)
2015/11/15 21:01:15 [warning] [application] Failed to set unsafe attribute "upload_file" of "DataSt".
in C:\inetpub\wwwroot\arsip\protected\controllers\StController.php (72)
in C:\inetpub\wwwroot\arsip\index.php (13)
